<?xml version="1.0" encoding="UTF-8"?>
<Site BuildName="(empty)"
	BuildStamp="20250306-0859-Experimental"
	Name="(empty)"
	Generator="ctest-3.16.3"
	CompilerName=""
	CompilerVersion=""
	OSName="Linux"
	Hostname="HWLL0047"
	OSRelease="5.15.0-134-generic"
	OSVersion="#145~20.04.1-Ubuntu SMP Mon Feb 17 13:27:16 UTC 2025"
	OSPlatform="x86_64"
	Is64Bits="1"
	VendorString="GenuineIntel"
	VendorID="Intel Corporation"
	FamilyID="6"
	ModelID="154"
	ProcessorCacheSize="12288"
	NumberOfLogicalCPU="12"
	NumberOfPhysicalCPU="10"
	TotalVirtualMemory="3905"
	TotalPhysicalMemory="15621"
	LogicalProcessorsPerPhysical="1"
	ProcessorClockFrequency="2683.75"
	>
	<Testing>
		<StartDateTime>Mar 06 08:59 GMT</StartDateTime>
		<StartTestTime>1741251541</StartTestTime>
		<TestList/>
		<EndDateTime>Mar 06 08:59 GMT</EndDateTime>
		<EndTestTime>1741251541</EndTestTime>
		<ElapsedMinutes>0</ElapsedMinutes>
	</Testing>
</Site>
