<?xml version="1.0" encoding="UTF-8"?>
<Site BuildName="(empty)"
	BuildStamp="20250305-0917-Experimental"
	Name="(empty)"
	Generator="ctest-3.16.3"
	CompilerName=""
	CompilerVersion=""
	OSName="Linux"
	Hostname="HWLL0047"
	OSRelease="5.15.0-131-generic"
	OSVersion="#141~20.04.1-Ubuntu SMP Thu Jan 16 18:38:51 UTC 2025"
	OSPlatform="x86_64"
	Is64Bits="1"
	VendorString="GenuineIntel"
	VendorID="Intel Corporation"
	FamilyID="6"
	ModelID="154"
	ProcessorCacheSize="12288"
	NumberOfLogicalCPU="12"
	NumberOfPhysicalCPU="10"
	TotalVirtualMemory="3905"
	TotalPhysicalMemory="15621"
	LogicalProcessorsPerPhysical="1"
	ProcessorClockFrequency="3693.11"
	>
	<Testing>
		<StartDateTime>Mar 05 09:17 GMT</StartDateTime>
		<StartTestTime>1741166263</StartTestTime>
		<TestList/>
		<EndDateTime>Mar 05 09:17 GMT</EndDateTime>
		<EndTestTime>1741166263</EndTestTime>
		<ElapsedMinutes>0</ElapsedMinutes>
	</Testing>
</Site>
